{"message":"Listening on port 3500...","level":"info"}
{"message":"Listening on port 3500...","level":"info"}
{"message":"Listening on port 3500...","level":"info"}
{"message":"Listening on port 3500...","level":"info"}
{"message":"Listening on port 3500...","level":"info"}
{"message":"Listening on port 3500...","level":"info"}
{"message":"Connected to db goodread","level":"info"}
{"level":"error","message":"user.generateAuthToken is not a function user.generateAuthToken is not a function","stack":"TypeError: user.generateAuthToken is not a function\n    at D:\\Learn\\ITI-LEARN\\NodeJs\\Task\\routers\\auth.js:18:24"}
{"level":"error","message":"user.generateAuthToken is not a function user.generateAuthToken is not a function","stack":"TypeError: user.generateAuthToken is not a function\n    at D:\\Learn\\ITI-LEARN\\NodeJs\\Task\\routers\\auth.js:18:24"}
{"message":"Listening on port 3500...","level":"info"}
{"message":"Connected to db goodread","level":"info"}
{"message":"Listening on port 3500...","level":"info"}
{"message":"Connected to db goodread","level":"info"}
{"message":"Listening on port 3500...","level":"info"}
{"message":"Connected to db goodread","level":"info"}
{"message":"Listening on port 3500...function UTC() { [native code] }","level":"info"}
{"message":"Connected to db goodread","level":"info"}
{"message":"Listening on port 3500...NaN","level":"info"}
{"message":"Connected to db goodread","level":"info"}
{"message":"Listening on port 3500...NaN","level":"info"}
{"message":"Connected to db goodread","level":"info"}
{"message":"Listening on port 3500...function now() { [native code] }","level":"info"}
{"message":"Connected to db goodread","level":"info"}
{"message":"Listening on port 3500...1616170040127","level":"info"}
{"message":"Connected to db goodread","level":"info"}
{"message":"Listening on port 3500...1616170044276","level":"info"}
{"message":"Connected to db goodread","level":"info"}
{"message":"Listening on port 3500...1,616,170,073,564","level":"info"}
{"message":"Connected to db goodread","level":"info"}
{"message":"Listening on port 3500...","level":"info"}
{"message":"Connected to db goodread","level":"info"}
{"message":"Listening on port 3500...","level":"info"}
{"message":"Connected to db goodread","level":"info"}
{"message":"Listening on port 3500...","level":"info"}
{"message":"Connected to db goodread","level":"info"}
{"message":"Listening on port 3500...","level":"info"}
{"message":"Connected to db goodread","level":"info"}
{"message":"Listening on port 3500...","level":"info"}
{"message":"Connected to db goodread","level":"info"}
{"message":"Listening on port 3500...","level":"info"}
{"message":"Connected to db goodread","level":"info"}
{"message":"Listening on port 3500...","level":"info"}
{"message":"Connected to db goodread","level":"info"}
{"message":"Listening on port 3500...","level":"info"}
{"message":"Connected to db goodread","level":"info"}
{"message":"Listening on port 3500...","level":"info"}
{"message":"Connected to db goodread","level":"info"}
{"message":"Listening on port 3500...","level":"info"}
{"message":"Connected to db goodread","level":"info"}
{"message":"Listening on port 3500...","level":"info"}
{"message":"Connected to db goodread","level":"info"}
{"message":"Listening on port 3500...","level":"info"}
{"message":"Connected to db goodread","level":"info"}
{"message":"Listening on port 3500...","level":"info"}
{"message":"Connected to db goodread","level":"info"}
{"message":"Listening on port 3500...","level":"info"}
{"message":"Connected to db goodread","level":"info"}
{"message":"Listening on port 3500...","level":"info"}
{"message":"Connected to db goodread","level":"info"}
{"message":"Listening on port 3500...","level":"info"}
{"message":"Connected to db goodread","level":"info"}
{"message":"Listening on port 3500...","level":"info"}
{"message":"Connected to db goodread","level":"info"}
{"message":"Listening on port 3500...","level":"info"}
{"message":"Connected to db goodread","level":"info"}
{"message":"Listening on port 3500...","level":"info"}
{"message":"Connected to db goodread","level":"info"}
{"message":"Listening on port 3500...","level":"info"}
{"message":"Connected to db goodread","level":"info"}
{"message":"Listening on port 3500...","level":"info"}
{"message":"Connected to db goodread","level":"info"}
{"message":"Listening on port 3500...","level":"info"}
{"message":"Connected to db goodread","level":"info"}
{"message":"Listening on port 3500...","level":"info"}
{"message":"Connected to db goodread","level":"info"}
{"message":"Listening on port 3500...","level":"info"}
{"message":"Connected to db goodread","level":"info"}
{"message":"Listening on port 3500...","level":"info"}
{"message":"Connected to db goodread","level":"info"}
{"message":"Listening on port 3500...","level":"info"}
{"message":"Connected to db goodread","level":"info"}
{"message":"Listening on port 3500...","level":"info"}
{"message":"Connected to db goodread","level":"info"}
{"expose":true,"statusCode":400,"status":400,"body":"{\r\n    \"title\":\"Game of thrones\",\r\n    \"author\":\"George R. R. Martin\",\r\n}","type":"entity.parse.failed","level":"error","message":"Unexpected token } in JSON at position 72 Unexpected token } in JSON at position 72","stack":"SyntaxError: Unexpected token } in JSON at position 72\n    at JSON.parse (<anonymous>)\n    at parse (D:\\Learn\\ITI-LEARN\\NodeJs\\Task\\node_modules\\body-parser\\lib\\types\\json.js:89:19)\n    at D:\\Learn\\ITI-LEARN\\NodeJs\\Task\\node_modules\\body-parser\\lib\\read.js:121:18\n    at invokeCallback (D:\\Learn\\ITI-LEARN\\NodeJs\\Task\\node_modules\\raw-body\\index.js:224:16)\n    at done (D:\\Learn\\ITI-LEARN\\NodeJs\\Task\\node_modules\\raw-body\\index.js:213:7)\n    at IncomingMessage.onEnd (D:\\Learn\\ITI-LEARN\\NodeJs\\Task\\node_modules\\raw-body\\index.js:273:7)\n    at IncomingMessage.emit (events.js:327:22)\n    at endReadableNT (internal/streams/readable.js:1327:12)\n    at processTicksAndRejections (internal/process/task_queues.js:80:21)"}
{"message":"Listening on port 3500...","level":"info"}
{"message":"Connected to db goodread","level":"info"}
{"message":"Listening on port 3500...","level":"info"}
{"message":"Connected to db goodread","level":"info"}
{"message":"Listening on port 3500...","level":"info"}
{"message":"Connected to db goodread","level":"info"}
{"message":"Listening on port 3500...","level":"info"}
{"message":"Connected to db goodread","level":"info"}
{"message":"Listening on port 3500...","level":"info"}
{"message":"Connected to db goodread","level":"info"}
{"message":"Listening on port 3500...","level":"info"}
{"message":"Connected to db goodread","level":"info"}
{"message":"Listening on port 3500...","level":"info"}
{"message":"Connected to db goodread","level":"info"}
{"message":"Listening on port 3500...","level":"info"}
{"message":"Connected to db goodread","level":"info"}
{"message":"Listening on port 3500...","level":"info"}
{"message":"Connected to db goodread","level":"info"}
{"message":"Listening on port 3500...","level":"info"}
{"message":"Connected to db goodread","level":"info"}
{"message":"Listening on port 3500...","level":"info"}
{"message":"Connected to db goodread","level":"info"}
{"message":"Listening on port 3500...","level":"info"}
{"message":"Connected to db goodread","level":"info"}
{"message":"Listening on port 3500...","level":"info"}
{"message":"Connected to db goodread","level":"info"}
{"message":"Listening on port 3500...","level":"info"}
{"message":"Connected to db goodread","level":"info"}
{"message":"Listening on port 3500...","level":"info"}
{"message":"Connected to db goodread","level":"info"}
{"message":"Listening on port 3500...","level":"info"}
{"message":"Connected to db goodread","level":"info"}
{"message":"Listening on port 3500...","level":"info"}
{"message":"Connected to db goodread","level":"info"}
{"message":"Listening on port 3500...","level":"info"}
{"message":"Connected to db goodread","level":"info"}
{"message":"Listening on port 3500...","level":"info"}
{"message":"Connected to db goodread","level":"info"}
{"ok":0,"code":2,"codeName":"BadValue","name":"MongoError","level":"error","message":"$regex has to be a string $regex has to be a string","stack":"MongoError: $regex has to be a string\n    at MessageStream.messageHandler (D:\\Learn\\ITI-LEARN\\NodeJs\\Task\\node_modules\\mongodb\\lib\\cmap\\connection.js:268:20)\n    at MessageStream.emit (events.js:315:20)\n    at processIncomingData (D:\\Learn\\ITI-LEARN\\NodeJs\\Task\\node_modules\\mongodb\\lib\\cmap\\message_stream.js:144:12)\n    at MessageStream._write (D:\\Learn\\ITI-LEARN\\NodeJs\\Task\\node_modules\\mongodb\\lib\\cmap\\message_stream.js:42:5)\n    at writeOrBuffer (internal/streams/writable.js:358:12)\n    at MessageStream.Writable.write (internal/streams/writable.js:303:10)\n    at Socket.ondata (internal/streams/readable.js:719:22)\n    at Socket.emit (events.js:315:20)\n    at addChunk (internal/streams/readable.js:309:12)\n    at readableAddChunk (internal/streams/readable.js:284:9)\n    at Socket.Readable.push (internal/streams/readable.js:223:10)\n    at TCP.onStreamRead (internal/stream_base_commons.js:188:23)"}
{"message":"Listening on port 3500...","level":"info"}
{"message":"Connected to db goodread","level":"info"}
{"message":"Listening on port 3500...","level":"info"}
{"message":"Connected to db goodread","level":"info"}
{"message":"Listening on port 3500...","level":"info"}
{"message":"Connected to db goodread","level":"info"}
{"message":"Listening on port 3500...","level":"info"}
{"message":"Connected to db goodread","level":"info"}
{"message":"Listening on port 3500...","level":"info"}
{"message":"Connected to db goodread","level":"info"}
{"message":"Listening on port 3500...","level":"info"}
{"message":"Connected to db goodread","level":"info"}
{"message":"Listening on port 3500...","level":"info"}
{"message":"Connected to db goodread","level":"info"}
{"message":"Listening on port 3500...","level":"info"}
{"message":"Connected to db goodread","level":"info"}
{"ok":0,"code":2,"codeName":"BadValue","name":"MongoError","level":"error","message":"unknown top level operator: $match unknown top level operator: $match","stack":"MongoError: unknown top level operator: $match\n    at MessageStream.messageHandler (D:\\Learn\\ITI-LEARN\\NodeJs\\Task\\node_modules\\mongodb\\lib\\cmap\\connection.js:268:20)\n    at MessageStream.emit (events.js:315:20)\n    at processIncomingData (D:\\Learn\\ITI-LEARN\\NodeJs\\Task\\node_modules\\mongodb\\lib\\cmap\\message_stream.js:144:12)\n    at MessageStream._write (D:\\Learn\\ITI-LEARN\\NodeJs\\Task\\node_modules\\mongodb\\lib\\cmap\\message_stream.js:42:5)\n    at writeOrBuffer (internal/streams/writable.js:358:12)\n    at MessageStream.Writable.write (internal/streams/writable.js:303:10)\n    at Socket.ondata (internal/streams/readable.js:719:22)\n    at Socket.emit (events.js:315:20)\n    at addChunk (internal/streams/readable.js:309:12)\n    at readableAddChunk (internal/streams/readable.js:284:9)\n    at Socket.Readable.push (internal/streams/readable.js:223:10)\n    at TCP.onStreamRead (internal/stream_base_commons.js:188:23)"}
{"message":"Listening on port 3500...","level":"info"}
{"message":"Connected to db goodread","level":"info"}
{"message":"Listening on port 3500...","level":"info"}
{"message":"Connected to db goodread","level":"info"}
{"ok":0,"code":2,"codeName":"BadValue","name":"MongoError","level":"error","message":"unknown top level operator: $match unknown top level operator: $match","stack":"MongoError: unknown top level operator: $match\n    at MessageStream.messageHandler (D:\\Learn\\ITI-LEARN\\NodeJs\\Task\\node_modules\\mongodb\\lib\\cmap\\connection.js:268:20)\n    at MessageStream.emit (events.js:315:20)\n    at processIncomingData (D:\\Learn\\ITI-LEARN\\NodeJs\\Task\\node_modules\\mongodb\\lib\\cmap\\message_stream.js:144:12)\n    at MessageStream._write (D:\\Learn\\ITI-LEARN\\NodeJs\\Task\\node_modules\\mongodb\\lib\\cmap\\message_stream.js:42:5)\n    at writeOrBuffer (internal/streams/writable.js:358:12)\n    at MessageStream.Writable.write (internal/streams/writable.js:303:10)\n    at Socket.ondata (internal/streams/readable.js:719:22)\n    at Socket.emit (events.js:315:20)\n    at addChunk (internal/streams/readable.js:309:12)\n    at readableAddChunk (internal/streams/readable.js:284:9)\n    at Socket.Readable.push (internal/streams/readable.js:223:10)\n    at TCP.onStreamRead (internal/stream_base_commons.js:188:23)"}
{"ok":0,"code":2,"codeName":"BadValue","name":"MongoError","level":"error","message":"unknown top level operator: $match unknown top level operator: $match","stack":"MongoError: unknown top level operator: $match\n    at MessageStream.messageHandler (D:\\Learn\\ITI-LEARN\\NodeJs\\Task\\node_modules\\mongodb\\lib\\cmap\\connection.js:268:20)\n    at MessageStream.emit (events.js:315:20)\n    at processIncomingData (D:\\Learn\\ITI-LEARN\\NodeJs\\Task\\node_modules\\mongodb\\lib\\cmap\\message_stream.js:144:12)\n    at MessageStream._write (D:\\Learn\\ITI-LEARN\\NodeJs\\Task\\node_modules\\mongodb\\lib\\cmap\\message_stream.js:42:5)\n    at writeOrBuffer (internal/streams/writable.js:358:12)\n    at MessageStream.Writable.write (internal/streams/writable.js:303:10)\n    at Socket.ondata (internal/streams/readable.js:719:22)\n    at Socket.emit (events.js:315:20)\n    at addChunk (internal/streams/readable.js:309:12)\n    at readableAddChunk (internal/streams/readable.js:284:9)\n    at Socket.Readable.push (internal/streams/readable.js:223:10)\n    at TCP.onStreamRead (internal/stream_base_commons.js:188:23)"}
{"message":"Listening on port 3500...","level":"info"}
{"message":"Connected to db goodread","level":"info"}
{"ok":0,"code":2,"codeName":"BadValue","name":"MongoError","level":"error","message":"unknown top level operator: $match unknown top level operator: $match","stack":"MongoError: unknown top level operator: $match\n    at MessageStream.messageHandler (D:\\Learn\\ITI-LEARN\\NodeJs\\Task\\node_modules\\mongodb\\lib\\cmap\\connection.js:268:20)\n    at MessageStream.emit (events.js:315:20)\n    at processIncomingData (D:\\Learn\\ITI-LEARN\\NodeJs\\Task\\node_modules\\mongodb\\lib\\cmap\\message_stream.js:144:12)\n    at MessageStream._write (D:\\Learn\\ITI-LEARN\\NodeJs\\Task\\node_modules\\mongodb\\lib\\cmap\\message_stream.js:42:5)\n    at writeOrBuffer (internal/streams/writable.js:358:12)\n    at MessageStream.Writable.write (internal/streams/writable.js:303:10)\n    at Socket.ondata (internal/streams/readable.js:719:22)\n    at Socket.emit (events.js:315:20)\n    at addChunk (internal/streams/readable.js:309:12)\n    at readableAddChunk (internal/streams/readable.js:284:9)\n    at Socket.Readable.push (internal/streams/readable.js:223:10)\n    at TCP.onStreamRead (internal/stream_base_commons.js:188:23)"}
{"ok":0,"code":2,"codeName":"BadValue","name":"MongoError","level":"error","message":"unknown top level operator: $match unknown top level operator: $match","stack":"MongoError: unknown top level operator: $match\n    at MessageStream.messageHandler (D:\\Learn\\ITI-LEARN\\NodeJs\\Task\\node_modules\\mongodb\\lib\\cmap\\connection.js:268:20)\n    at MessageStream.emit (events.js:315:20)\n    at processIncomingData (D:\\Learn\\ITI-LEARN\\NodeJs\\Task\\node_modules\\mongodb\\lib\\cmap\\message_stream.js:144:12)\n    at MessageStream._write (D:\\Learn\\ITI-LEARN\\NodeJs\\Task\\node_modules\\mongodb\\lib\\cmap\\message_stream.js:42:5)\n    at writeOrBuffer (internal/streams/writable.js:358:12)\n    at MessageStream.Writable.write (internal/streams/writable.js:303:10)\n    at Socket.ondata (internal/streams/readable.js:719:22)\n    at Socket.emit (events.js:315:20)\n    at addChunk (internal/streams/readable.js:309:12)\n    at readableAddChunk (internal/streams/readable.js:284:9)\n    at Socket.Readable.push (internal/streams/readable.js:223:10)\n    at TCP.onStreamRead (internal/stream_base_commons.js:188:23)"}
{"message":"Listening on port 3500...","level":"info"}
{"message":"Connected to db goodread","level":"info"}
{"stringValue":"\"id=6054dda8904d3b52c802cb71\"","kind":"ObjectId","value":"id=6054dda8904d3b52c802cb71","path":"_id","reason":{},"level":"error","message":"Cast to ObjectId failed for value \"id=6054dda8904d3b52c802cb71\" at path \"_id\" for model \"Book\" Cast to ObjectId failed for value \"id=6054dda8904d3b52c802cb71\" at path \"_id\" for model \"Book\"","stack":"CastError: Cast to ObjectId failed for value \"id=6054dda8904d3b52c802cb71\" at path \"_id\" for model \"Book\"\n    at model.Query.exec (D:\\Learn\\ITI-LEARN\\NodeJs\\Task\\node_modules\\mongoose\\lib\\query.js:4358:21)\n    at model.Query.Query.then (D:\\Learn\\ITI-LEARN\\NodeJs\\Task\\node_modules\\mongoose\\lib\\query.js:4452:15)\n    at processTicksAndRejections (internal/process/task_queues.js:93:5)"}
{"message":"Listening on port 3500...","level":"info"}
{"message":"Connected to db goodread","level":"info"}
{"stringValue":"\"id=6054dda8904d3b52c802cb71\"","kind":"ObjectId","value":"id=6054dda8904d3b52c802cb71","path":"_id","reason":{},"level":"error","message":"Cast to ObjectId failed for value \"id=6054dda8904d3b52c802cb71\" at path \"_id\" for model \"Book\" Cast to ObjectId failed for value \"id=6054dda8904d3b52c802cb71\" at path \"_id\" for model \"Book\"","stack":"CastError: Cast to ObjectId failed for value \"id=6054dda8904d3b52c802cb71\" at path \"_id\" for model \"Book\"\n    at model.Query.exec (D:\\Learn\\ITI-LEARN\\NodeJs\\Task\\node_modules\\mongoose\\lib\\query.js:4358:21)\n    at model.Query.Query.then (D:\\Learn\\ITI-LEARN\\NodeJs\\Task\\node_modules\\mongoose\\lib\\query.js:4452:15)\n    at processTicksAndRejections (internal/process/task_queues.js:93:5)"}
{"stringValue":"\"id='6054dda8904d3b52c802cb71'\"","kind":"ObjectId","value":"id='6054dda8904d3b52c802cb71'","path":"_id","reason":{},"level":"error","message":"Cast to ObjectId failed for value \"id='6054dda8904d3b52c802cb71'\" at path \"_id\" for model \"Book\" Cast to ObjectId failed for value \"id='6054dda8904d3b52c802cb71'\" at path \"_id\" for model \"Book\"","stack":"CastError: Cast to ObjectId failed for value \"id='6054dda8904d3b52c802cb71'\" at path \"_id\" for model \"Book\"\n    at model.Query.exec (D:\\Learn\\ITI-LEARN\\NodeJs\\Task\\node_modules\\mongoose\\lib\\query.js:4358:21)\n    at model.Query.Query.then (D:\\Learn\\ITI-LEARN\\NodeJs\\Task\\node_modules\\mongoose\\lib\\query.js:4452:15)\n    at processTicksAndRejections (internal/process/task_queues.js:93:5)"}
{"stringValue":"\"id=\"6054dda8904d3b52c802cb71\"\"","kind":"ObjectId","value":"id=\"6054dda8904d3b52c802cb71\"","path":"_id","reason":{},"level":"error","message":"Cast to ObjectId failed for value \"id=\"6054dda8904d3b52c802cb71\"\" at path \"_id\" for model \"Book\" Cast to ObjectId failed for value \"id=\"6054dda8904d3b52c802cb71\"\" at path \"_id\" for model \"Book\"","stack":"CastError: Cast to ObjectId failed for value \"id=\"6054dda8904d3b52c802cb71\"\" at path \"_id\" for model \"Book\"\n    at model.Query.exec (D:\\Learn\\ITI-LEARN\\NodeJs\\Task\\node_modules\\mongoose\\lib\\query.js:4358:21)\n    at model.Query.Query.then (D:\\Learn\\ITI-LEARN\\NodeJs\\Task\\node_modules\\mongoose\\lib\\query.js:4452:15)\n    at processTicksAndRejections (internal/process/task_queues.js:93:5)"}
{"message":"Listening on port 3500...","level":"info"}
{"message":"Connected to db goodread","level":"info"}
{"stringValue":"\"id=6054dda8904d3b52c802cb71\"","kind":"ObjectId","value":"id=6054dda8904d3b52c802cb71","path":"_id","reason":{},"level":"error","message":"Cast to ObjectId failed for value \"id=6054dda8904d3b52c802cb71\" at path \"_id\" for model \"Book\" Cast to ObjectId failed for value \"id=6054dda8904d3b52c802cb71\" at path \"_id\" for model \"Book\"","stack":"CastError: Cast to ObjectId failed for value \"id=6054dda8904d3b52c802cb71\" at path \"_id\" for model \"Book\"\n    at model.Query.exec (D:\\Learn\\ITI-LEARN\\NodeJs\\Task\\node_modules\\mongoose\\lib\\query.js:4358:21)\n    at model.Query.Query.then (D:\\Learn\\ITI-LEARN\\NodeJs\\Task\\node_modules\\mongoose\\lib\\query.js:4452:15)\n    at processTicksAndRejections (internal/process/task_queues.js:93:5)"}
{"message":"Listening on port 3500...","level":"info"}
{"message":"Connected to db goodread","level":"info"}
{"message":"Listening on port 3500...","level":"info"}
{"message":"Connected to db goodread","level":"info"}
{"message":"Listening on port 3500...","level":"info"}
{"message":"Connected to db goodread","level":"info"}
{"message":"Listening on port 3500...","level":"info"}
{"message":"Connected to db goodread","level":"info"}
{"message":"Listening on port 3500...","level":"info"}
{"message":"Connected to db goodread","level":"info"}
{"message":"Listening on port 3500...","level":"info"}
{"message":"Connected to db goodread","level":"info"}
{"message":"Listening on port 3500...","level":"info"}
{"message":"Connected to db goodread","level":"info"}
{"level":"error","message":"id is not defined id is not defined","stack":"ReferenceError: id is not defined\n    at D:\\Learn\\ITI-LEARN\\NodeJs\\Task\\routers\\book.js:39:52\n    at newFn (D:\\Learn\\ITI-LEARN\\NodeJs\\Task\\node_modules\\express-async-errors\\index.js:16:20)\n    at Layer.handle [as handle_request] (D:\\Learn\\ITI-LEARN\\NodeJs\\Task\\node_modules\\express\\lib\\router\\layer.js:95:5)\n    at next (D:\\Learn\\ITI-LEARN\\NodeJs\\Task\\node_modules\\express\\lib\\router\\route.js:137:13)\n    at module.exports (D:\\Learn\\ITI-LEARN\\NodeJs\\Task\\middleware\\admin.js:4:5)\n    at newFn (D:\\Learn\\ITI-LEARN\\NodeJs\\Task\\node_modules\\express-async-errors\\index.js:16:20)\n    at Layer.handle [as handle_request] (D:\\Learn\\ITI-LEARN\\NodeJs\\Task\\node_modules\\express\\lib\\router\\layer.js:95:5)\n    at next (D:\\Learn\\ITI-LEARN\\NodeJs\\Task\\node_modules\\express\\lib\\router\\route.js:137:13)\n    at module.exports (D:\\Learn\\ITI-LEARN\\NodeJs\\Task\\middleware\\auth.js:12:9)\n    at newFn (D:\\Learn\\ITI-LEARN\\NodeJs\\Task\\node_modules\\express-async-errors\\index.js:16:20)\n    at Layer.handle [as handle_request] (D:\\Learn\\ITI-LEARN\\NodeJs\\Task\\node_modules\\express\\lib\\router\\layer.js:95:5)\n    at next (D:\\Learn\\ITI-LEARN\\NodeJs\\Task\\node_modules\\express\\lib\\router\\route.js:137:13)\n    at Route.dispatch (D:\\Learn\\ITI-LEARN\\NodeJs\\Task\\node_modules\\express\\lib\\router\\route.js:112:3)\n    at newFn (D:\\Learn\\ITI-LEARN\\NodeJs\\Task\\node_modules\\express-async-errors\\index.js:16:20)\n    at Layer.handle [as handle_request] (D:\\Learn\\ITI-LEARN\\NodeJs\\Task\\node_modules\\express\\lib\\router\\layer.js:95:5)\n    at D:\\Learn\\ITI-LEARN\\NodeJs\\Task\\node_modules\\express\\lib\\router\\index.js:281:22"}
{"level":"error","message":"id is not defined id is not defined","stack":"ReferenceError: id is not defined\n    at D:\\Learn\\ITI-LEARN\\NodeJs\\Task\\routers\\book.js:39:52\n    at newFn (D:\\Learn\\ITI-LEARN\\NodeJs\\Task\\node_modules\\express-async-errors\\index.js:16:20)\n    at Layer.handle [as handle_request] (D:\\Learn\\ITI-LEARN\\NodeJs\\Task\\node_modules\\express\\lib\\router\\layer.js:95:5)\n    at next (D:\\Learn\\ITI-LEARN\\NodeJs\\Task\\node_modules\\express\\lib\\router\\route.js:137:13)\n    at module.exports (D:\\Learn\\ITI-LEARN\\NodeJs\\Task\\middleware\\admin.js:4:5)\n    at newFn (D:\\Learn\\ITI-LEARN\\NodeJs\\Task\\node_modules\\express-async-errors\\index.js:16:20)\n    at Layer.handle [as handle_request] (D:\\Learn\\ITI-LEARN\\NodeJs\\Task\\node_modules\\express\\lib\\router\\layer.js:95:5)\n    at next (D:\\Learn\\ITI-LEARN\\NodeJs\\Task\\node_modules\\express\\lib\\router\\route.js:137:13)\n    at module.exports (D:\\Learn\\ITI-LEARN\\NodeJs\\Task\\middleware\\auth.js:12:9)\n    at newFn (D:\\Learn\\ITI-LEARN\\NodeJs\\Task\\node_modules\\express-async-errors\\index.js:16:20)\n    at Layer.handle [as handle_request] (D:\\Learn\\ITI-LEARN\\NodeJs\\Task\\node_modules\\express\\lib\\router\\layer.js:95:5)\n    at next (D:\\Learn\\ITI-LEARN\\NodeJs\\Task\\node_modules\\express\\lib\\router\\route.js:137:13)\n    at Route.dispatch (D:\\Learn\\ITI-LEARN\\NodeJs\\Task\\node_modules\\express\\lib\\router\\route.js:112:3)\n    at newFn (D:\\Learn\\ITI-LEARN\\NodeJs\\Task\\node_modules\\express-async-errors\\index.js:16:20)\n    at Layer.handle [as handle_request] (D:\\Learn\\ITI-LEARN\\NodeJs\\Task\\node_modules\\express\\lib\\router\\layer.js:95:5)\n    at D:\\Learn\\ITI-LEARN\\NodeJs\\Task\\node_modules\\express\\lib\\router\\index.js:281:22"}
{"level":"error","message":"id is not defined id is not defined","stack":"ReferenceError: id is not defined\n    at D:\\Learn\\ITI-LEARN\\NodeJs\\Task\\routers\\book.js:39:52\n    at newFn (D:\\Learn\\ITI-LEARN\\NodeJs\\Task\\node_modules\\express-async-errors\\index.js:16:20)\n    at Layer.handle [as handle_request] (D:\\Learn\\ITI-LEARN\\NodeJs\\Task\\node_modules\\express\\lib\\router\\layer.js:95:5)\n    at next (D:\\Learn\\ITI-LEARN\\NodeJs\\Task\\node_modules\\express\\lib\\router\\route.js:137:13)\n    at module.exports (D:\\Learn\\ITI-LEARN\\NodeJs\\Task\\middleware\\admin.js:4:5)\n    at newFn (D:\\Learn\\ITI-LEARN\\NodeJs\\Task\\node_modules\\express-async-errors\\index.js:16:20)\n    at Layer.handle [as handle_request] (D:\\Learn\\ITI-LEARN\\NodeJs\\Task\\node_modules\\express\\lib\\router\\layer.js:95:5)\n    at next (D:\\Learn\\ITI-LEARN\\NodeJs\\Task\\node_modules\\express\\lib\\router\\route.js:137:13)\n    at module.exports (D:\\Learn\\ITI-LEARN\\NodeJs\\Task\\middleware\\auth.js:12:9)\n    at newFn (D:\\Learn\\ITI-LEARN\\NodeJs\\Task\\node_modules\\express-async-errors\\index.js:16:20)\n    at Layer.handle [as handle_request] (D:\\Learn\\ITI-LEARN\\NodeJs\\Task\\node_modules\\express\\lib\\router\\layer.js:95:5)\n    at next (D:\\Learn\\ITI-LEARN\\NodeJs\\Task\\node_modules\\express\\lib\\router\\route.js:137:13)\n    at Route.dispatch (D:\\Learn\\ITI-LEARN\\NodeJs\\Task\\node_modules\\express\\lib\\router\\route.js:112:3)\n    at newFn (D:\\Learn\\ITI-LEARN\\NodeJs\\Task\\node_modules\\express-async-errors\\index.js:16:20)\n    at Layer.handle [as handle_request] (D:\\Learn\\ITI-LEARN\\NodeJs\\Task\\node_modules\\express\\lib\\router\\layer.js:95:5)\n    at D:\\Learn\\ITI-LEARN\\NodeJs\\Task\\node_modules\\express\\lib\\router\\index.js:281:22"}
{"message":"Listening on port 3500...","level":"info"}
{"message":"Connected to db goodread","level":"info"}
{"message":"Listening on port 3500...","level":"info"}
{"message":"Connected to db goodread","level":"info"}
{"message":"Listening on port 3500...","level":"info"}
{"message":"Connected to db goodread","level":"info"}
{"stringValue":"\"id=6054ebc36599ac3edcd6bf13\"","kind":"ObjectId","value":"id=6054ebc36599ac3edcd6bf13","path":"_id","reason":{},"level":"error"}
{"message":"Listening on port 3500...","level":"info"}
{"message":"Connected to db goodread","level":"info"}
{"stringValue":"\"id=6054ebc36599ac3edcd6bf13\"","kind":"ObjectId","value":"id=6054ebc36599ac3edcd6bf13","path":"_id","reason":{},"level":"error"}
{"message":"Listening on port 3500...","level":"info"}
{"message":"Connected to db goodread","level":"info"}
{"stringValue":"\"id=6054ebc36599ac3edcd6bf13\"","kind":"ObjectId","value":"id=6054ebc36599ac3edcd6bf13","path":"_id","reason":{},"level":"error"}
{"message":"Listening on port 3500...","level":"info"}
{"message":"Connected to db goodread","level":"info"}
{"stringValue":"\"id=6054ebc36599ac3edcd6bf13\"","kind":"ObjectId","value":"id=6054ebc36599ac3edcd6bf13","path":"_id","reason":{},"level":"error"}
{"message":"Listening on port 3500...","level":"info"}
{"message":"Connected to db goodread","level":"info"}
{"message":"Listening on port 3500...","level":"info"}
{"message":"Connected to db goodread","level":"info"}
{"stringValue":"\"id=6054ebc36599ac3edcd6bf13\"","kind":"ObjectId","value":"id=6054ebc36599ac3edcd6bf13","path":"_id","reason":{},"level":"error"}
{"message":"Listening on port 3500...","level":"info"}
{"message":"Connected to db goodread","level":"info"}
{"level":"error","message":"id is not defined id is not defined","stack":"ReferenceError: id is not defined\n    at D:\\Learn\\ITI-LEARN\\NodeJs\\Task\\routers\\book.js:39:44\n    at newFn (D:\\Learn\\ITI-LEARN\\NodeJs\\Task\\node_modules\\express-async-errors\\index.js:16:20)\n    at Layer.handle [as handle_request] (D:\\Learn\\ITI-LEARN\\NodeJs\\Task\\node_modules\\express\\lib\\router\\layer.js:95:5)\n    at next (D:\\Learn\\ITI-LEARN\\NodeJs\\Task\\node_modules\\express\\lib\\router\\route.js:137:13)\n    at module.exports (D:\\Learn\\ITI-LEARN\\NodeJs\\Task\\middleware\\admin.js:4:5)\n    at newFn (D:\\Learn\\ITI-LEARN\\NodeJs\\Task\\node_modules\\express-async-errors\\index.js:16:20)\n    at Layer.handle [as handle_request] (D:\\Learn\\ITI-LEARN\\NodeJs\\Task\\node_modules\\express\\lib\\router\\layer.js:95:5)\n    at next (D:\\Learn\\ITI-LEARN\\NodeJs\\Task\\node_modules\\express\\lib\\router\\route.js:137:13)\n    at module.exports (D:\\Learn\\ITI-LEARN\\NodeJs\\Task\\middleware\\auth.js:12:9)\n    at newFn (D:\\Learn\\ITI-LEARN\\NodeJs\\Task\\node_modules\\express-async-errors\\index.js:16:20)\n    at Layer.handle [as handle_request] (D:\\Learn\\ITI-LEARN\\NodeJs\\Task\\node_modules\\express\\lib\\router\\layer.js:95:5)\n    at next (D:\\Learn\\ITI-LEARN\\NodeJs\\Task\\node_modules\\express\\lib\\router\\route.js:137:13)\n    at Route.dispatch (D:\\Learn\\ITI-LEARN\\NodeJs\\Task\\node_modules\\express\\lib\\router\\route.js:112:3)\n    at newFn (D:\\Learn\\ITI-LEARN\\NodeJs\\Task\\node_modules\\express-async-errors\\index.js:16:20)\n    at Layer.handle [as handle_request] (D:\\Learn\\ITI-LEARN\\NodeJs\\Task\\node_modules\\express\\lib\\router\\layer.js:95:5)\n    at D:\\Learn\\ITI-LEARN\\NodeJs\\Task\\node_modules\\express\\lib\\router\\index.js:281:22"}
{"message":"Listening on port 3500...","level":"info"}
{"message":"Connected to db goodread","level":"info"}
{"message":"Listening on port 3500...","level":"info"}
{"message":"Connected to db goodread","level":"info"}
{"message":"Listening on port 3500...","level":"info"}
{"message":"Connected to db goodread","level":"info"}
{"message":"Listening on port 3500...","level":"info"}
{"message":"Connected to db goodread","level":"info"}
{"level":"error","message":"book is not defined book is not defined","stack":"ReferenceError: book is not defined\n    at D:\\Learn\\ITI-LEARN\\NodeJs\\Task\\routers\\book.js:13:14\n    at processTicksAndRejections (internal/process/task_queues.js:93:5)"}
{"message":"Listening on port 3500...","level":"info"}
{"message":"Connected to db goodread","level":"info"}
{"message":"Listening on port 3500...","level":"info"}
{"message":"Connected to db goodread","level":"info"}
{"message":"Listening on port 3500...","level":"info"}
{"message":"Connected to db goodread","level":"info"}
{"message":"Listening on port 3500...","level":"info"}
{"message":"Connected to db goodread","level":"info"}
{"message":"Listening on port 3500...","level":"info"}
{"message":"Connected to db goodread","level":"info"}
{"message":"Listening on port 3500...","level":"info"}
{"message":"Connected to db goodread","level":"info"}
{"message":"Listening on port 3500...","level":"info"}
{"message":"Connected to db goodread","level":"info"}
{"message":"Listening on port 3500...","level":"info"}
{"message":"Connected to db goodread","level":"info"}
{"message":"Listening on port 3500...","level":"info"}
{"message":"Connected to db goodread","level":"info"}
{"message":"Listening on port 3500...","level":"info"}
{"message":"Connected to db goodread","level":"info"}
{"message":"Listening on port 3500...","level":"info"}
{"message":"Connected to db goodread","level":"info"}
{"message":"Listening on port 3500...","level":"info"}
{"message":"Connected to db goodread","level":"info"}
{"message":"Listening on port 3500...","level":"info"}
{"message":"Connected to db goodread","level":"info"}
{"message":"Listening on port 3500...","level":"info"}
{"message":"Connected to db goodread","level":"info"}
{"message":"Listening on port 3500...","level":"info"}
{"message":"Connected to db goodread","level":"info"}
{"message":"Listening on port 3500...","level":"info"}
{"message":"Connected to db goodread","level":"info"}
{"message":"Listening on port 3500...","level":"info"}
{"message":"Connected to db goodread","level":"info"}
{"message":"Listening on port 3500...","level":"info"}
{"message":"Connected to db goodread","level":"info"}
{"message":"Listening on port 3500...","level":"info"}
{"message":"Connected to db goodread","level":"info"}
{"message":"Listening on port 3500...","level":"info"}
{"message":"Connected to db goodread","level":"info"}
{"message":"Listening on port 3500...","level":"info"}
{"message":"Connected to db goodread","level":"info"}
{"message":"Listening on port 3500...","level":"info"}
{"message":"Connected to db goodread","level":"info"}
{"message":"Listening on port 3500...","level":"info"}
{"message":"Connected to db goodread","level":"info"}
{"message":"Listening on port 3500...","level":"info"}
{"message":"Connected to db goodread","level":"info"}
{"message":"Listening on port 3500...","level":"info"}
{"message":"Connected to db goodread","level":"info"}
{"message":"Listening on port 3500...","level":"info"}
{"message":"Connected to db goodread","level":"info"}
{"message":"Listening on port 3500...","level":"info"}
{"message":"Connected to db goodread","level":"info"}
{"message":"Listening on port 3500...","level":"info"}
{"message":"Connected to db goodread","level":"info"}
{"message":"Listening on port 3500...","level":"info"}
{"message":"Connected to db goodread","level":"info"}
{"message":"Listening on port 3500...","level":"info"}
{"message":"Connected to db goodread","level":"info"}
{"message":"Listening on port 3500...","level":"info"}
{"message":"Connected to db goodread","level":"info"}
{"message":"Listening on port 3500...","level":"info"}
{"message":"Connected to db goodread","level":"info"}
{"message":"Listening on port 3500...","level":"info"}
{"message":"Connected to db goodread","level":"info"}
{"message":"Listening on port 3500...","level":"info"}
{"message":"Connected to db goodread","level":"info"}
{"message":"Listening on port 3500...","level":"info"}
{"message":"Connected to db goodread","level":"info"}
{"message":"Listening on port 3500...","level":"info"}
{"message":"Connected to db goodread","level":"info"}
{"message":"Listening on port 3500...","level":"info"}
{"message":"Connected to db goodread","level":"info"}
{"message":"Listening on port 3500...","level":"info"}
{"message":"Connected to db goodread","level":"info"}
{"message":"Listening on port 3500...","level":"info"}
{"message":"Connected to db goodread","level":"info"}
{"message":"Listening on port 3500...","level":"info"}
{"message":"Connected to db goodread","level":"info"}
{"message":"Listening on port 3500...","level":"info"}
{"message":"Connected to db goodread","level":"info"}
{"message":"Listening on port 3500...","level":"info"}
{"message":"Connected to db goodread","level":"info"}
{"message":"Listening on port 3500...","level":"info"}
{"message":"Connected to db goodread","level":"info"}
{"message":"Listening on port 3500...","level":"info"}
{"message":"Connected to db goodread","level":"info"}
{"message":"Listening on port 3500...","level":"info"}
{"message":"Connected to db goodread","level":"info"}
{"message":"Listening on port 3500...","level":"info"}
{"message":"Connected to db goodread","level":"info"}
{"message":"Listening on port 3500...","level":"info"}
{"message":"Connected to db goodread","level":"info"}
{"message":"Listening on port 3500...","level":"info"}
{"message":"Connected to db goodread","level":"info"}
{"message":"Listening on port 3500...","level":"info"}
{"message":"Listening on port 3500...","level":"info"}
